running develop
running egg_info
creating dexhand_gesture_controller.egg-info
writing dexhand_gesture_controller.egg-info/PKG-INFO
writing dependency_links to dexhand_gesture_controller.egg-info/dependency_links.txt
writing entry points to dexhand_gesture_controller.egg-info/entry_points.txt
writing requirements to dexhand_gesture_controller.egg-info/requires.txt
writing top-level names to dexhand_gesture_controller.egg-info/top_level.txt
writing manifest file 'dexhand_gesture_controller.egg-info/SOURCES.txt'
reading manifest file 'dexhand_gesture_controller.egg-info/SOURCES.txt'
writing manifest file 'dexhand_gesture_controller.egg-info/SOURCES.txt'
running build_ext
Creating /home/vik/dexhand_ws/install/dexhand_gesture_controller/lib/python3.10/site-packages/dexhand-gesture-controller.egg-link (link to .)
Installing gesture_controller script to /home/vik/dexhand_ws/install/dexhand_gesture_controller/lib/dexhand_gesture_controller

Installed /home/vik/dexhand_ws/build/dexhand_gesture_controller
running symlink_data
creating /home/vik/dexhand_ws/install/dexhand_gesture_controller/share/ament_index
creating /home/vik/dexhand_ws/install/dexhand_gesture_controller/share/ament_index/resource_index
creating /home/vik/dexhand_ws/install/dexhand_gesture_controller/share/ament_index/resource_index/packages
symbolically linking /home/vik/dexhand_ws/build/dexhand_gesture_controller/resource/dexhand_gesture_controller -> /home/vik/dexhand_ws/install/dexhand_gesture_controller/share/ament_index/resource_index/packages
symbolically linking /home/vik/dexhand_ws/build/dexhand_gesture_controller/package.xml -> /home/vik/dexhand_ws/install/dexhand_gesture_controller/share/dexhand_gesture_controller
creating /home/vik/dexhand_ws/install/dexhand_gesture_controller/share/dexhand_gesture_controller/launch
symbolically linking /home/vik/dexhand_ws/build/dexhand_gesture_controller/launch/simulation.launch.py -> /home/vik/dexhand_ws/install/dexhand_gesture_controller/share/dexhand_gesture_controller/launch
creating /home/vik/dexhand_ws/install/dexhand_gesture_controller/share/dexhand_gesture_controller/rviz
symbolically linking /home/vik/dexhand_ws/build/dexhand_gesture_controller/rviz/simulation.rviz -> /home/vik/dexhand_ws/install/dexhand_gesture_controller/share/dexhand_gesture_controller/rviz
