[0.156s] DEBUG:colcon:Command line arguments: ['/usr/bin/colcon', 'build', '--symlink-install']
[0.156s] DEBUG:colcon:Parsed command line arguments: Namespace(log_base=None, log_level=None, verb_name='build', build_base='build', install_base='install', merge_install=False, symlink_install=True, test_result_base=None, continue_on_error=False, executor='parallel', parallel_workers=32, event_handlers=None, ignore_user_meta=False, metas=['./colcon.meta'], base_paths=['.'], packages_ignore=None, packages_ignore_regex=None, paths=None, packages_up_to=None, packages_up_to_regex=None, packages_above=None, packages_above_and_dependencies=None, packages_above_depth=None, packages_select_by_dep=None, packages_skip_by_dep=None, packages_skip_up_to=None, packages_select_build_failed=False, packages_skip_build_finished=False, packages_select_test_failures=False, packages_skip_test_passed=False, packages_select=None, packages_skip=None, packages_select_regex=None, packages_skip_regex=None, packages_start=None, packages_end=None, allow_overriding=[], cmake_args=None, cmake_target=None, cmake_target_skip_unavailable=False, cmake_clean_cache=False, cmake_clean_first=False, cmake_force_configure=False, ament_cmake_args=None, catkin_cmake_args=None, catkin_skip_building_tests=False, verb_parser=<colcon_defaults.argument_parser.defaults.DefaultArgumentsDecorator object at 0x7d653161eb90>, verb_extension=<colcon_core.verb.build.BuildVerb object at 0x7d65317cb8e0>, main=<bound method BuildVerb.main of <colcon_core.verb.build.BuildVerb object at 0x7d65317cb8e0>>)
[0.204s] Level 1:colcon.colcon_core.package_discovery:discover_packages(colcon_meta) check parameters
[0.204s] Level 1:colcon.colcon_core.package_discovery:discover_packages(recursive) check parameters
[0.204s] Level 1:colcon.colcon_core.package_discovery:discover_packages(ignore) check parameters
[0.204s] Level 1:colcon.colcon_core.package_discovery:discover_packages(path) check parameters
[0.204s] Level 1:colcon.colcon_core.package_discovery:discover_packages(colcon_meta) discover
[0.204s] Level 1:colcon.colcon_core.package_discovery:discover_packages(recursive) discover
[0.204s] INFO:colcon.colcon_core.package_discovery:Crawling recursively for packages in '/home/vik/dexhand_ws'
[0.204s] Level 1:colcon.colcon_core.package_identification:_identify(.) by extensions ['ignore', 'ignore_ament_install']
[0.205s] Level 1:colcon.colcon_core.package_identification:_identify(.) by extension 'ignore'
[0.205s] Level 1:colcon.colcon_core.package_identification:_identify(.) by extension 'ignore_ament_install'
[0.205s] Level 1:colcon.colcon_core.package_identification:_identify(.) by extensions ['colcon_pkg']
[0.205s] Level 1:colcon.colcon_core.package_identification:_identify(.) by extension 'colcon_pkg'
[0.205s] Level 1:colcon.colcon_core.package_identification:_identify(.) by extensions ['colcon_meta']
[0.205s] Level 1:colcon.colcon_core.package_identification:_identify(.) by extension 'colcon_meta'
[0.205s] Level 1:colcon.colcon_core.package_identification:_identify(.) by extensions ['ros']
[0.205s] Level 1:colcon.colcon_core.package_identification:_identify(.) by extension 'ros'
[0.218s] Level 1:colcon.colcon_core.package_identification:_identify(.) by extensions ['cmake', 'python']
[0.218s] Level 1:colcon.colcon_core.package_identification:_identify(.) by extension 'cmake'
[0.218s] Level 1:colcon.colcon_core.package_identification:_identify(.) by extension 'python'
[0.218s] Level 1:colcon.colcon_core.package_identification:_identify(.) by extensions ['python_setup_py']
[0.218s] Level 1:colcon.colcon_core.package_identification:_identify(.) by extension 'python_setup_py'
[0.218s] Level 1:colcon.colcon_core.package_identification:_identify(build) by extensions ['ignore', 'ignore_ament_install']
[0.218s] Level 1:colcon.colcon_core.package_identification:_identify(build) by extension 'ignore'
[0.218s] Level 1:colcon.colcon_core.package_identification:_identify(build) ignored
[0.218s] Level 1:colcon.colcon_core.package_identification:_identify(install) by extensions ['ignore', 'ignore_ament_install']
[0.218s] Level 1:colcon.colcon_core.package_identification:_identify(install) by extension 'ignore'
[0.218s] Level 1:colcon.colcon_core.package_identification:_identify(install) ignored
[0.218s] Level 1:colcon.colcon_core.package_identification:_identify(log) by extensions ['ignore', 'ignore_ament_install']
[0.218s] Level 1:colcon.colcon_core.package_identification:_identify(log) by extension 'ignore'
[0.218s] Level 1:colcon.colcon_core.package_identification:_identify(log) ignored
[0.219s] Level 1:colcon.colcon_core.package_identification:_identify(src) by extensions ['ignore', 'ignore_ament_install']
[0.219s] Level 1:colcon.colcon_core.package_identification:_identify(src) by extension 'ignore'
[0.219s] Level 1:colcon.colcon_core.package_identification:_identify(src) by extension 'ignore_ament_install'
[0.219s] Level 1:colcon.colcon_core.package_identification:_identify(src) by extensions ['colcon_pkg']
[0.219s] Level 1:colcon.colcon_core.package_identification:_identify(src) by extension 'colcon_pkg'
[0.219s] Level 1:colcon.colcon_core.package_identification:_identify(src) by extensions ['colcon_meta']
[0.219s] Level 1:colcon.colcon_core.package_identification:_identify(src) by extension 'colcon_meta'
[0.219s] Level 1:colcon.colcon_core.package_identification:_identify(src) by extensions ['ros']
[0.219s] Level 1:colcon.colcon_core.package_identification:_identify(src) by extension 'ros'
[0.219s] Level 1:colcon.colcon_core.package_identification:_identify(src) by extensions ['cmake', 'python']
[0.219s] Level 1:colcon.colcon_core.package_identification:_identify(src) by extension 'cmake'
[0.219s] Level 1:colcon.colcon_core.package_identification:_identify(src) by extension 'python'
[0.219s] Level 1:colcon.colcon_core.package_identification:_identify(src) by extensions ['python_setup_py']
[0.219s] Level 1:colcon.colcon_core.package_identification:_identify(src) by extension 'python_setup_py'
[0.219s] Level 1:colcon.colcon_core.package_identification:_identify(src/dexhand_ai) by extensions ['ignore', 'ignore_ament_install']
[0.219s] Level 1:colcon.colcon_core.package_identification:_identify(src/dexhand_ai) by extension 'ignore'
[0.219s] Level 1:colcon.colcon_core.package_identification:_identify(src/dexhand_ai) by extension 'ignore_ament_install'
[0.219s] Level 1:colcon.colcon_core.package_identification:_identify(src/dexhand_ai) by extensions ['colcon_pkg']
[0.219s] Level 1:colcon.colcon_core.package_identification:_identify(src/dexhand_ai) by extension 'colcon_pkg'
[0.219s] Level 1:colcon.colcon_core.package_identification:_identify(src/dexhand_ai) by extensions ['colcon_meta']
[0.219s] Level 1:colcon.colcon_core.package_identification:_identify(src/dexhand_ai) by extension 'colcon_meta'
[0.219s] Level 1:colcon.colcon_core.package_identification:_identify(src/dexhand_ai) by extensions ['ros']
[0.219s] Level 1:colcon.colcon_core.package_identification:_identify(src/dexhand_ai) by extension 'ros'
[0.223s] DEBUG:colcon.colcon_core.package_identification:Package 'src/dexhand_ai' with type 'ros.ament_python' and name 'dexhand_ai'
[0.223s] Level 1:colcon.colcon_core.package_identification:_identify(src/dexhand_description) by extensions ['ignore', 'ignore_ament_install']
[0.223s] Level 1:colcon.colcon_core.package_identification:_identify(src/dexhand_description) by extension 'ignore'
[0.223s] Level 1:colcon.colcon_core.package_identification:_identify(src/dexhand_description) by extension 'ignore_ament_install'
[0.223s] Level 1:colcon.colcon_core.package_identification:_identify(src/dexhand_description) by extensions ['colcon_pkg']
[0.223s] Level 1:colcon.colcon_core.package_identification:_identify(src/dexhand_description) by extension 'colcon_pkg'
[0.223s] Level 1:colcon.colcon_core.package_identification:_identify(src/dexhand_description) by extensions ['colcon_meta']
[0.223s] Level 1:colcon.colcon_core.package_identification:_identify(src/dexhand_description) by extension 'colcon_meta'
[0.223s] Level 1:colcon.colcon_core.package_identification:_identify(src/dexhand_description) by extensions ['ros']
[0.223s] Level 1:colcon.colcon_core.package_identification:_identify(src/dexhand_description) by extension 'ros'
[0.224s] DEBUG:colcon.colcon_core.package_identification:Package 'src/dexhand_description' with type 'ros.ament_python' and name 'dexhand_description'
[0.224s] Level 1:colcon.colcon_core.package_identification:_identify(src/dexhand_gesture_controller) by extensions ['ignore', 'ignore_ament_install']
[0.224s] Level 1:colcon.colcon_core.package_identification:_identify(src/dexhand_gesture_controller) by extension 'ignore'
[0.224s] Level 1:colcon.colcon_core.package_identification:_identify(src/dexhand_gesture_controller) by extension 'ignore_ament_install'
[0.224s] Level 1:colcon.colcon_core.package_identification:_identify(src/dexhand_gesture_controller) by extensions ['colcon_pkg']
[0.224s] Level 1:colcon.colcon_core.package_identification:_identify(src/dexhand_gesture_controller) by extension 'colcon_pkg'
[0.224s] Level 1:colcon.colcon_core.package_identification:_identify(src/dexhand_gesture_controller) by extensions ['colcon_meta']
[0.224s] Level 1:colcon.colcon_core.package_identification:_identify(src/dexhand_gesture_controller) by extension 'colcon_meta'
[0.224s] Level 1:colcon.colcon_core.package_identification:_identify(src/dexhand_gesture_controller) by extensions ['ros']
[0.224s] Level 1:colcon.colcon_core.package_identification:_identify(src/dexhand_gesture_controller) by extension 'ros'
[0.225s] DEBUG:colcon.colcon_core.package_identification:Package 'src/dexhand_gesture_controller' with type 'ros.ament_python' and name 'dexhand_gesture_controller'
[0.225s] Level 1:colcon.colcon_core.package_identification:_identify(src/dexhand_usb_serial) by extensions ['ignore', 'ignore_ament_install']
[0.226s] Level 1:colcon.colcon_core.package_identification:_identify(src/dexhand_usb_serial) by extension 'ignore'
[0.226s] Level 1:colcon.colcon_core.package_identification:_identify(src/dexhand_usb_serial) by extension 'ignore_ament_install'
[0.226s] Level 1:colcon.colcon_core.package_identification:_identify(src/dexhand_usb_serial) by extensions ['colcon_pkg']
[0.226s] Level 1:colcon.colcon_core.package_identification:_identify(src/dexhand_usb_serial) by extension 'colcon_pkg'
[0.226s] Level 1:colcon.colcon_core.package_identification:_identify(src/dexhand_usb_serial) by extensions ['colcon_meta']
[0.226s] Level 1:colcon.colcon_core.package_identification:_identify(src/dexhand_usb_serial) by extension 'colcon_meta'
[0.226s] Level 1:colcon.colcon_core.package_identification:_identify(src/dexhand_usb_serial) by extensions ['ros']
[0.226s] Level 1:colcon.colcon_core.package_identification:_identify(src/dexhand_usb_serial) by extension 'ros'
[0.227s] DEBUG:colcon.colcon_core.package_identification:Package 'src/dexhand_usb_serial' with type 'ros.ament_python' and name 'dexhand_usb_serial'
[0.227s] Level 1:colcon.colcon_core.package_discovery:discover_packages(recursive) using defaults
[0.227s] Level 1:colcon.colcon_core.package_discovery:discover_packages(ignore) discover
[0.227s] Level 1:colcon.colcon_core.package_discovery:discover_packages(ignore) using defaults
[0.227s] Level 1:colcon.colcon_core.package_discovery:discover_packages(path) discover
[0.227s] Level 1:colcon.colcon_core.package_discovery:discover_packages(path) using defaults
[0.244s] Level 1:colcon.colcon_core.package_discovery:discover_packages(prefix_path) check parameters
[0.244s] Level 1:colcon.colcon_core.package_discovery:discover_packages(prefix_path) discover
[0.245s] WARNING:colcon.colcon_ros.prefix_path.ament:The path '/home/vik/dexhand_ws/install/dexhand_usb_serial' in the environment variable AMENT_PREFIX_PATH doesn't exist
[0.245s] WARNING:colcon.colcon_ros.prefix_path.ament:The path '/home/vik/dexhand_ws/install/dexhand_gesture_controller' in the environment variable AMENT_PREFIX_PATH doesn't exist
[0.245s] WARNING:colcon.colcon_ros.prefix_path.ament:The path '/home/vik/dexhand_ws/install/dexhand_description' in the environment variable AMENT_PREFIX_PATH doesn't exist
[0.245s] WARNING:colcon.colcon_ros.prefix_path.ament:The path '/home/vik/dexhand_ws/install/dexhand_ai' in the environment variable AMENT_PREFIX_PATH doesn't exist
[0.246s] DEBUG:colcon.colcon_installed_package_information.package_discovery:Found 0 installed packages in /home/vik/dexhand_ws/install
[0.247s] DEBUG:colcon.colcon_installed_package_information.package_discovery:Found 285 installed packages in /opt/ros/humble
[0.248s] Level 1:colcon.colcon_core.package_discovery:discover_packages(prefix_path) using defaults
[0.270s] Level 5:colcon.colcon_core.verb:set package 'dexhand_ai' build argument 'cmake_args' from command line to 'None'
[0.270s] Level 5:colcon.colcon_core.verb:set package 'dexhand_ai' build argument 'cmake_target' from command line to 'None'
[0.270s] Level 5:colcon.colcon_core.verb:set package 'dexhand_ai' build argument 'cmake_target_skip_unavailable' from command line to 'False'
[0.270s] Level 5:colcon.colcon_core.verb:set package 'dexhand_ai' build argument 'cmake_clean_cache' from command line to 'False'
[0.270s] Level 5:colcon.colcon_core.verb:set package 'dexhand_ai' build argument 'cmake_clean_first' from command line to 'False'
[0.270s] Level 5:colcon.colcon_core.verb:set package 'dexhand_ai' build argument 'cmake_force_configure' from command line to 'False'
[0.270s] Level 5:colcon.colcon_core.verb:set package 'dexhand_ai' build argument 'ament_cmake_args' from command line to 'None'
[0.270s] Level 5:colcon.colcon_core.verb:set package 'dexhand_ai' build argument 'catkin_cmake_args' from command line to 'None'
[0.270s] Level 5:colcon.colcon_core.verb:set package 'dexhand_ai' build argument 'catkin_skip_building_tests' from command line to 'False'
[0.270s] DEBUG:colcon.colcon_core.verb:Building package 'dexhand_ai' with the following arguments: {'ament_cmake_args': None, 'build_base': '/home/vik/dexhand_ws/build/dexhand_ai', 'catkin_cmake_args': None, 'catkin_skip_building_tests': False, 'cmake_args': None, 'cmake_clean_cache': False, 'cmake_clean_first': False, 'cmake_force_configure': False, 'cmake_target': None, 'cmake_target_skip_unavailable': False, 'install_base': '/home/vik/dexhand_ws/install/dexhand_ai', 'merge_install': False, 'path': '/home/vik/dexhand_ws/src/dexhand_ai', 'symlink_install': True, 'test_result_base': None}
[0.270s] Level 5:colcon.colcon_core.verb:set package 'dexhand_description' build argument 'cmake_args' from command line to 'None'
[0.270s] Level 5:colcon.colcon_core.verb:set package 'dexhand_description' build argument 'cmake_target' from command line to 'None'
[0.270s] Level 5:colcon.colcon_core.verb:set package 'dexhand_description' build argument 'cmake_target_skip_unavailable' from command line to 'False'
[0.270s] Level 5:colcon.colcon_core.verb:set package 'dexhand_description' build argument 'cmake_clean_cache' from command line to 'False'
[0.270s] Level 5:colcon.colcon_core.verb:set package 'dexhand_description' build argument 'cmake_clean_first' from command line to 'False'
[0.270s] Level 5:colcon.colcon_core.verb:set package 'dexhand_description' build argument 'cmake_force_configure' from command line to 'False'
[0.270s] Level 5:colcon.colcon_core.verb:set package 'dexhand_description' build argument 'ament_cmake_args' from command line to 'None'
[0.270s] Level 5:colcon.colcon_core.verb:set package 'dexhand_description' build argument 'catkin_cmake_args' from command line to 'None'
[0.270s] Level 5:colcon.colcon_core.verb:set package 'dexhand_description' build argument 'catkin_skip_building_tests' from command line to 'False'
[0.270s] DEBUG:colcon.colcon_core.verb:Building package 'dexhand_description' with the following arguments: {'ament_cmake_args': None, 'build_base': '/home/vik/dexhand_ws/build/dexhand_description', 'catkin_cmake_args': None, 'catkin_skip_building_tests': False, 'cmake_args': None, 'cmake_clean_cache': False, 'cmake_clean_first': False, 'cmake_force_configure': False, 'cmake_target': None, 'cmake_target_skip_unavailable': False, 'install_base': '/home/vik/dexhand_ws/install/dexhand_description', 'merge_install': False, 'path': '/home/vik/dexhand_ws/src/dexhand_description', 'symlink_install': True, 'test_result_base': None}
[0.270s] Level 5:colcon.colcon_core.verb:set package 'dexhand_usb_serial' build argument 'cmake_args' from command line to 'None'
[0.270s] Level 5:colcon.colcon_core.verb:set package 'dexhand_usb_serial' build argument 'cmake_target' from command line to 'None'
[0.270s] Level 5:colcon.colcon_core.verb:set package 'dexhand_usb_serial' build argument 'cmake_target_skip_unavailable' from command line to 'False'
[0.270s] Level 5:colcon.colcon_core.verb:set package 'dexhand_usb_serial' build argument 'cmake_clean_cache' from command line to 'False'
[0.270s] Level 5:colcon.colcon_core.verb:set package 'dexhand_usb_serial' build argument 'cmake_clean_first' from command line to 'False'
[0.271s] Level 5:colcon.colcon_core.verb:set package 'dexhand_usb_serial' build argument 'cmake_force_configure' from command line to 'False'
[0.271s] Level 5:colcon.colcon_core.verb:set package 'dexhand_usb_serial' build argument 'ament_cmake_args' from command line to 'None'
[0.271s] Level 5:colcon.colcon_core.verb:set package 'dexhand_usb_serial' build argument 'catkin_cmake_args' from command line to 'None'
[0.271s] Level 5:colcon.colcon_core.verb:set package 'dexhand_usb_serial' build argument 'catkin_skip_building_tests' from command line to 'False'
[0.271s] DEBUG:colcon.colcon_core.verb:Building package 'dexhand_usb_serial' with the following arguments: {'ament_cmake_args': None, 'build_base': '/home/vik/dexhand_ws/build/dexhand_usb_serial', 'catkin_cmake_args': None, 'catkin_skip_building_tests': False, 'cmake_args': None, 'cmake_clean_cache': False, 'cmake_clean_first': False, 'cmake_force_configure': False, 'cmake_target': None, 'cmake_target_skip_unavailable': False, 'install_base': '/home/vik/dexhand_ws/install/dexhand_usb_serial', 'merge_install': False, 'path': '/home/vik/dexhand_ws/src/dexhand_usb_serial', 'symlink_install': True, 'test_result_base': None}
[0.271s] Level 5:colcon.colcon_core.verb:set package 'dexhand_gesture_controller' build argument 'cmake_args' from command line to 'None'
[0.271s] Level 5:colcon.colcon_core.verb:set package 'dexhand_gesture_controller' build argument 'cmake_target' from command line to 'None'
[0.271s] Level 5:colcon.colcon_core.verb:set package 'dexhand_gesture_controller' build argument 'cmake_target_skip_unavailable' from command line to 'False'
[0.271s] Level 5:colcon.colcon_core.verb:set package 'dexhand_gesture_controller' build argument 'cmake_clean_cache' from command line to 'False'
[0.271s] Level 5:colcon.colcon_core.verb:set package 'dexhand_gesture_controller' build argument 'cmake_clean_first' from command line to 'False'
[0.271s] Level 5:colcon.colcon_core.verb:set package 'dexhand_gesture_controller' build argument 'cmake_force_configure' from command line to 'False'
[0.271s] Level 5:colcon.colcon_core.verb:set package 'dexhand_gesture_controller' build argument 'ament_cmake_args' from command line to 'None'
[0.271s] Level 5:colcon.colcon_core.verb:set package 'dexhand_gesture_controller' build argument 'catkin_cmake_args' from command line to 'None'
[0.271s] Level 5:colcon.colcon_core.verb:set package 'dexhand_gesture_controller' build argument 'catkin_skip_building_tests' from command line to 'False'
[0.271s] DEBUG:colcon.colcon_core.verb:Building package 'dexhand_gesture_controller' with the following arguments: {'ament_cmake_args': None, 'build_base': '/home/vik/dexhand_ws/build/dexhand_gesture_controller', 'catkin_cmake_args': None, 'catkin_skip_building_tests': False, 'cmake_args': None, 'cmake_clean_cache': False, 'cmake_clean_first': False, 'cmake_force_configure': False, 'cmake_target': None, 'cmake_target_skip_unavailable': False, 'install_base': '/home/vik/dexhand_ws/install/dexhand_gesture_controller', 'merge_install': False, 'path': '/home/vik/dexhand_ws/src/dexhand_gesture_controller', 'symlink_install': True, 'test_result_base': None}
[0.271s] INFO:colcon.colcon_core.executor:Executing jobs using 'parallel' executor
[0.272s] DEBUG:colcon.colcon_parallel_executor.executor.parallel:run_until_complete
[0.272s] INFO:colcon.colcon_ros.task.ament_python.build:Building ROS package in '/home/vik/dexhand_ws/src/dexhand_description' with build type 'ament_python'
[0.272s] Level 1:colcon.colcon_core.shell:create_environment_hook('dexhand_description', 'ament_prefix_path')
[0.275s] INFO:colcon.colcon_core.plugin_system:Skipping extension 'colcon_core.shell.bat': Not used on non-Windows systems
[0.275s] INFO:colcon.colcon_core.shell:Creating environment hook '/home/vik/dexhand_ws/install/dexhand_description/share/dexhand_description/hook/ament_prefix_path.ps1'
[0.277s] INFO:colcon.colcon_core.shell:Creating environment descriptor '/home/vik/dexhand_ws/install/dexhand_description/share/dexhand_description/hook/ament_prefix_path.dsv'
[0.277s] INFO:colcon.colcon_core.shell:Creating environment hook '/home/vik/dexhand_ws/install/dexhand_description/share/dexhand_description/hook/ament_prefix_path.sh'
[0.278s] INFO:colcon.colcon_core.shell:Skip shell extension 'powershell' for command environment: Not usable outside of PowerShell
[0.278s] DEBUG:colcon.colcon_core.shell:Skip shell extension 'dsv' for command environment
[0.280s] INFO:colcon.colcon_ros.task.ament_python.build:Building ROS package in '/home/vik/dexhand_ws/src/dexhand_ai' with build type 'ament_python'
[0.280s] Level 1:colcon.colcon_core.shell:create_environment_hook('dexhand_ai', 'ament_prefix_path')
[0.280s] INFO:colcon.colcon_core.shell:Creating environment hook '/home/vik/dexhand_ws/install/dexhand_ai/share/dexhand_ai/hook/ament_prefix_path.ps1'
[0.281s] INFO:colcon.colcon_core.shell:Creating environment descriptor '/home/vik/dexhand_ws/install/dexhand_ai/share/dexhand_ai/hook/ament_prefix_path.dsv'
[0.281s] INFO:colcon.colcon_core.shell:Creating environment hook '/home/vik/dexhand_ws/install/dexhand_ai/share/dexhand_ai/hook/ament_prefix_path.sh'
[0.281s] INFO:colcon.colcon_core.shell:Skip shell extension 'powershell' for command environment: Not usable outside of PowerShell
[0.281s] DEBUG:colcon.colcon_core.shell:Skip shell extension 'dsv' for command environment
[0.283s] INFO:colcon.colcon_ros.task.ament_python.build:Building ROS package in '/home/vik/dexhand_ws/src/dexhand_usb_serial' with build type 'ament_python'
[0.283s] Level 1:colcon.colcon_core.shell:create_environment_hook('dexhand_usb_serial', 'ament_prefix_path')
[0.283s] INFO:colcon.colcon_core.shell:Creating environment hook '/home/vik/dexhand_ws/install/dexhand_usb_serial/share/dexhand_usb_serial/hook/ament_prefix_path.ps1'
[0.285s] INFO:colcon.colcon_core.shell:Creating environment descriptor '/home/vik/dexhand_ws/install/dexhand_usb_serial/share/dexhand_usb_serial/hook/ament_prefix_path.dsv'
[0.285s] INFO:colcon.colcon_core.shell:Creating environment hook '/home/vik/dexhand_ws/install/dexhand_usb_serial/share/dexhand_usb_serial/hook/ament_prefix_path.sh'
[0.285s] INFO:colcon.colcon_core.shell:Skip shell extension 'powershell' for command environment: Not usable outside of PowerShell
[0.285s] DEBUG:colcon.colcon_core.shell:Skip shell extension 'dsv' for command environment
[0.410s] INFO:colcon.colcon_core.task.python.build:Building Python package in '/home/vik/dexhand_ws/src/dexhand_description'
[0.410s] INFO:colcon.colcon_core.shell:Skip shell extension 'powershell' for command environment: Not usable outside of PowerShell
[0.410s] DEBUG:colcon.colcon_core.shell:Skip shell extension 'dsv' for command environment
[0.529s] INFO:colcon.colcon_core.task.python.build:Building Python package in '/home/vik/dexhand_ws/src/dexhand_ai'
[0.530s] INFO:colcon.colcon_core.shell:Skip shell extension 'powershell' for command environment: Not usable outside of PowerShell
[0.530s] DEBUG:colcon.colcon_core.shell:Skip shell extension 'dsv' for command environment
[0.649s] INFO:colcon.colcon_core.task.python.build:Building Python package in '/home/vik/dexhand_ws/src/dexhand_usb_serial'
[0.650s] INFO:colcon.colcon_core.shell:Skip shell extension 'powershell' for command environment: Not usable outside of PowerShell
[0.650s] DEBUG:colcon.colcon_core.shell:Skip shell extension 'dsv' for command environment
[1.015s] DEBUG:colcon.colcon_core.event_handler.log_command:Invoking command in '/home/vik/dexhand_ws/build/dexhand_ai': CONDA_PROMPT_MODIFIER=(dexhand_ros) PYTHONPATH=/home/vik/dexhand_ws/build/dexhand_ai/prefix_override:/usr/lib/python3/dist-packages/colcon_core/task/python/colcon_distutils_commands:/home/vik/dexhand_ws/install/dexhand_ai/lib/python3.10/site-packages:${PYTHONPATH} /usr/bin/python3 -W ignore:setup.py install is deprecated -W ignore:easy_install command is deprecated setup.py develop --editable --build-directory /home/vik/dexhand_ws/build/dexhand_ai/build --no-deps symlink_data
[1.026s] DEBUG:colcon.colcon_core.event_handler.log_command:Invoking command in '/home/vik/dexhand_ws/build/dexhand_description': CONDA_PROMPT_MODIFIER=(dexhand_ros) PYTHONPATH=/home/vik/dexhand_ws/build/dexhand_description/prefix_override:/usr/lib/python3/dist-packages/colcon_core/task/python/colcon_distutils_commands:/home/vik/dexhand_ws/install/dexhand_description/lib/python3.10/site-packages:${PYTHONPATH} /usr/bin/python3 -W ignore:setup.py install is deprecated -W ignore:easy_install command is deprecated setup.py develop --editable --build-directory /home/vik/dexhand_ws/build/dexhand_description/build --no-deps symlink_data
[1.027s] DEBUG:colcon.colcon_core.event_handler.log_command:Invoking command in '/home/vik/dexhand_ws/build/dexhand_usb_serial': CONDA_PROMPT_MODIFIER=(dexhand_ros) PYTHONPATH=/home/vik/dexhand_ws/build/dexhand_usb_serial/prefix_override:/usr/lib/python3/dist-packages/colcon_core/task/python/colcon_distutils_commands:/home/vik/dexhand_ws/install/dexhand_usb_serial/lib/python3.10/site-packages:${PYTHONPATH} /usr/bin/python3 -W ignore:setup.py install is deprecated -W ignore:easy_install command is deprecated setup.py develop --editable --build-directory /home/vik/dexhand_ws/build/dexhand_usb_serial/build --no-deps symlink_data
[1.350s] Level 1:colcon.colcon_core.shell:create_environment_hook('dexhand_ai', 'pythonpath_develop')
[1.350s] INFO:colcon.colcon_core.shell:Creating environment hook '/home/vik/dexhand_ws/build/dexhand_ai/share/dexhand_ai/hook/pythonpath_develop.ps1'
[1.350s] DEBUG:colcon.colcon_core.event_handler.log_command:Invoked command in '/home/vik/dexhand_ws/build/dexhand_ai' returned '0': CONDA_PROMPT_MODIFIER=(dexhand_ros) PYTHONPATH=/home/vik/dexhand_ws/build/dexhand_ai/prefix_override:/usr/lib/python3/dist-packages/colcon_core/task/python/colcon_distutils_commands:/home/vik/dexhand_ws/install/dexhand_ai/lib/python3.10/site-packages:${PYTHONPATH} /usr/bin/python3 -W ignore:setup.py install is deprecated -W ignore:easy_install command is deprecated setup.py develop --editable --build-directory /home/vik/dexhand_ws/build/dexhand_ai/build --no-deps symlink_data
[1.351s] INFO:colcon.colcon_core.shell:Creating environment descriptor '/home/vik/dexhand_ws/build/dexhand_ai/share/dexhand_ai/hook/pythonpath_develop.dsv'
[1.351s] INFO:colcon.colcon_core.shell:Creating environment hook '/home/vik/dexhand_ws/build/dexhand_ai/share/dexhand_ai/hook/pythonpath_develop.sh'
[1.356s] Level 1:colcon.colcon_core.environment:checking '/home/vik/dexhand_ws/install/dexhand_ai' for CMake module files
[1.356s] Level 1:colcon.colcon_core.environment:checking '/home/vik/dexhand_ws/install/dexhand_ai' for CMake config files
[1.356s] Level 1:colcon.colcon_core.environment:checking '/home/vik/dexhand_ws/install/dexhand_ai/lib'
[1.356s] Level 1:colcon.colcon_core.environment:checking '/home/vik/dexhand_ws/install/dexhand_ai/bin'
[1.356s] Level 1:colcon.colcon_core.environment:checking '/home/vik/dexhand_ws/install/dexhand_ai/lib/pkgconfig/dexhand_ai.pc'
[1.356s] Level 1:colcon.colcon_core.environment:checking '/home/vik/dexhand_ws/install/dexhand_ai/lib/python3.10/site-packages'
[1.357s] Level 1:colcon.colcon_core.shell:create_environment_hook('dexhand_ai', 'pythonpath')
[1.357s] INFO:colcon.colcon_core.shell:Creating environment hook '/home/vik/dexhand_ws/install/dexhand_ai/share/dexhand_ai/hook/pythonpath.ps1'
[1.357s] INFO:colcon.colcon_core.shell:Creating environment descriptor '/home/vik/dexhand_ws/install/dexhand_ai/share/dexhand_ai/hook/pythonpath.dsv'
[1.357s] INFO:colcon.colcon_core.shell:Creating environment hook '/home/vik/dexhand_ws/install/dexhand_ai/share/dexhand_ai/hook/pythonpath.sh'
[1.358s] Level 1:colcon.colcon_core.environment:checking '/home/vik/dexhand_ws/install/dexhand_ai/bin'
[1.358s] Level 1:colcon.colcon_core.environment:create_environment_scripts_only(dexhand_ai)
[1.358s] INFO:colcon.colcon_core.shell:Creating package script '/home/vik/dexhand_ws/install/dexhand_ai/share/dexhand_ai/package.ps1'
[1.358s] INFO:colcon.colcon_core.shell:Creating package descriptor '/home/vik/dexhand_ws/install/dexhand_ai/share/dexhand_ai/package.dsv'
[1.359s] INFO:colcon.colcon_core.shell:Creating package script '/home/vik/dexhand_ws/install/dexhand_ai/share/dexhand_ai/package.sh'
[1.359s] INFO:colcon.colcon_core.shell:Creating package script '/home/vik/dexhand_ws/install/dexhand_ai/share/dexhand_ai/package.bash'
[1.360s] INFO:colcon.colcon_core.shell:Creating package script '/home/vik/dexhand_ws/install/dexhand_ai/share/dexhand_ai/package.zsh'
[1.360s] Level 1:colcon.colcon_core.environment:create_file_with_runtime_dependencies(/home/vik/dexhand_ws/install/dexhand_ai/share/colcon-core/packages/dexhand_ai)
[1.361s] Level 1:colcon.colcon_core.shell:create_environment_hook('dexhand_usb_serial', 'pythonpath_develop')
[1.362s] INFO:colcon.colcon_core.shell:Creating environment hook '/home/vik/dexhand_ws/build/dexhand_usb_serial/share/dexhand_usb_serial/hook/pythonpath_develop.ps1'
[1.362s] DEBUG:colcon.colcon_core.event_handler.log_command:Invoked command in '/home/vik/dexhand_ws/build/dexhand_usb_serial' returned '0': CONDA_PROMPT_MODIFIER=(dexhand_ros) PYTHONPATH=/home/vik/dexhand_ws/build/dexhand_usb_serial/prefix_override:/usr/lib/python3/dist-packages/colcon_core/task/python/colcon_distutils_commands:/home/vik/dexhand_ws/install/dexhand_usb_serial/lib/python3.10/site-packages:${PYTHONPATH} /usr/bin/python3 -W ignore:setup.py install is deprecated -W ignore:easy_install command is deprecated setup.py develop --editable --build-directory /home/vik/dexhand_ws/build/dexhand_usb_serial/build --no-deps symlink_data
[1.363s] INFO:colcon.colcon_core.shell:Creating environment descriptor '/home/vik/dexhand_ws/build/dexhand_usb_serial/share/dexhand_usb_serial/hook/pythonpath_develop.dsv'
[1.363s] INFO:colcon.colcon_core.shell:Creating environment hook '/home/vik/dexhand_ws/build/dexhand_usb_serial/share/dexhand_usb_serial/hook/pythonpath_develop.sh'
[1.363s] Level 1:colcon.colcon_core.environment:checking '/home/vik/dexhand_ws/install/dexhand_usb_serial' for CMake module files
[1.363s] Level 1:colcon.colcon_core.environment:checking '/home/vik/dexhand_ws/install/dexhand_usb_serial' for CMake config files
[1.364s] Level 1:colcon.colcon_core.environment:checking '/home/vik/dexhand_ws/install/dexhand_usb_serial/lib'
[1.364s] Level 1:colcon.colcon_core.environment:checking '/home/vik/dexhand_ws/install/dexhand_usb_serial/bin'
[1.364s] Level 1:colcon.colcon_core.environment:checking '/home/vik/dexhand_ws/install/dexhand_usb_serial/lib/pkgconfig/dexhand_usb_serial.pc'
[1.364s] Level 1:colcon.colcon_core.environment:checking '/home/vik/dexhand_ws/install/dexhand_usb_serial/lib/python3.10/site-packages'
[1.364s] Level 1:colcon.colcon_core.shell:create_environment_hook('dexhand_usb_serial', 'pythonpath')
[1.364s] INFO:colcon.colcon_core.shell:Creating environment hook '/home/vik/dexhand_ws/install/dexhand_usb_serial/share/dexhand_usb_serial/hook/pythonpath.ps1'
[1.364s] INFO:colcon.colcon_core.shell:Creating environment descriptor '/home/vik/dexhand_ws/install/dexhand_usb_serial/share/dexhand_usb_serial/hook/pythonpath.dsv'
[1.364s] INFO:colcon.colcon_core.shell:Creating environment hook '/home/vik/dexhand_ws/install/dexhand_usb_serial/share/dexhand_usb_serial/hook/pythonpath.sh'
[1.365s] Level 1:colcon.colcon_core.environment:checking '/home/vik/dexhand_ws/install/dexhand_usb_serial/bin'
[1.365s] Level 1:colcon.colcon_core.environment:create_environment_scripts_only(dexhand_usb_serial)
[1.365s] INFO:colcon.colcon_core.shell:Creating package script '/home/vik/dexhand_ws/install/dexhand_usb_serial/share/dexhand_usb_serial/package.ps1'
[1.365s] INFO:colcon.colcon_core.shell:Creating package descriptor '/home/vik/dexhand_ws/install/dexhand_usb_serial/share/dexhand_usb_serial/package.dsv'
[1.365s] INFO:colcon.colcon_core.shell:Creating package script '/home/vik/dexhand_ws/install/dexhand_usb_serial/share/dexhand_usb_serial/package.sh'
[1.366s] INFO:colcon.colcon_core.shell:Creating package script '/home/vik/dexhand_ws/install/dexhand_usb_serial/share/dexhand_usb_serial/package.bash'
[1.366s] INFO:colcon.colcon_core.shell:Creating package script '/home/vik/dexhand_ws/install/dexhand_usb_serial/share/dexhand_usb_serial/package.zsh'
[1.366s] Level 1:colcon.colcon_core.environment:create_file_with_runtime_dependencies(/home/vik/dexhand_ws/install/dexhand_usb_serial/share/colcon-core/packages/dexhand_usb_serial)
[1.367s] Level 1:colcon.colcon_core.shell:create_environment_hook('dexhand_description', 'pythonpath_develop')
[1.367s] INFO:colcon.colcon_core.shell:Creating environment hook '/home/vik/dexhand_ws/build/dexhand_description/share/dexhand_description/hook/pythonpath_develop.ps1'
[1.368s] DEBUG:colcon.colcon_core.event_handler.log_command:Invoked command in '/home/vik/dexhand_ws/build/dexhand_description' returned '0': CONDA_PROMPT_MODIFIER=(dexhand_ros) PYTHONPATH=/home/vik/dexhand_ws/build/dexhand_description/prefix_override:/usr/lib/python3/dist-packages/colcon_core/task/python/colcon_distutils_commands:/home/vik/dexhand_ws/install/dexhand_description/lib/python3.10/site-packages:${PYTHONPATH} /usr/bin/python3 -W ignore:setup.py install is deprecated -W ignore:easy_install command is deprecated setup.py develop --editable --build-directory /home/vik/dexhand_ws/build/dexhand_description/build --no-deps symlink_data
[1.368s] INFO:colcon.colcon_core.shell:Creating environment descriptor '/home/vik/dexhand_ws/build/dexhand_description/share/dexhand_description/hook/pythonpath_develop.dsv'
[1.368s] INFO:colcon.colcon_core.shell:Creating environment hook '/home/vik/dexhand_ws/build/dexhand_description/share/dexhand_description/hook/pythonpath_develop.sh'
[1.369s] Level 1:colcon.colcon_core.environment:checking '/home/vik/dexhand_ws/install/dexhand_description' for CMake module files
[1.369s] Level 1:colcon.colcon_core.environment:checking '/home/vik/dexhand_ws/install/dexhand_description' for CMake config files
[1.369s] Level 1:colcon.colcon_core.environment:checking '/home/vik/dexhand_ws/install/dexhand_description/lib'
[1.369s] Level 1:colcon.colcon_core.environment:checking '/home/vik/dexhand_ws/install/dexhand_description/bin'
[1.370s] Level 1:colcon.colcon_core.environment:checking '/home/vik/dexhand_ws/install/dexhand_description/lib/pkgconfig/dexhand_description.pc'
[1.370s] Level 1:colcon.colcon_core.environment:checking '/home/vik/dexhand_ws/install/dexhand_description/lib/python3.10/site-packages'
[1.370s] Level 1:colcon.colcon_core.shell:create_environment_hook('dexhand_description', 'pythonpath')
[1.370s] INFO:colcon.colcon_core.shell:Creating environment hook '/home/vik/dexhand_ws/install/dexhand_description/share/dexhand_description/hook/pythonpath.ps1'
[1.370s] INFO:colcon.colcon_core.shell:Creating environment descriptor '/home/vik/dexhand_ws/install/dexhand_description/share/dexhand_description/hook/pythonpath.dsv'
[1.370s] INFO:colcon.colcon_core.shell:Creating environment hook '/home/vik/dexhand_ws/install/dexhand_description/share/dexhand_description/hook/pythonpath.sh'
[1.370s] Level 1:colcon.colcon_core.environment:checking '/home/vik/dexhand_ws/install/dexhand_description/bin'
[1.370s] Level 1:colcon.colcon_core.environment:create_environment_scripts_only(dexhand_description)
[1.371s] INFO:colcon.colcon_core.shell:Creating package script '/home/vik/dexhand_ws/install/dexhand_description/share/dexhand_description/package.ps1'
[1.371s] INFO:colcon.colcon_core.shell:Creating package descriptor '/home/vik/dexhand_ws/install/dexhand_description/share/dexhand_description/package.dsv'
[1.371s] INFO:colcon.colcon_core.shell:Creating package script '/home/vik/dexhand_ws/install/dexhand_description/share/dexhand_description/package.sh'
[1.371s] INFO:colcon.colcon_core.shell:Creating package script '/home/vik/dexhand_ws/install/dexhand_description/share/dexhand_description/package.bash'
[1.371s] INFO:colcon.colcon_core.shell:Creating package script '/home/vik/dexhand_ws/install/dexhand_description/share/dexhand_description/package.zsh'
[1.372s] Level 1:colcon.colcon_core.environment:create_file_with_runtime_dependencies(/home/vik/dexhand_ws/install/dexhand_description/share/colcon-core/packages/dexhand_description)
[1.372s] INFO:colcon.colcon_ros.task.ament_python.build:Building ROS package in '/home/vik/dexhand_ws/src/dexhand_gesture_controller' with build type 'ament_python'
[1.372s] Level 1:colcon.colcon_core.shell:create_environment_hook('dexhand_gesture_controller', 'ament_prefix_path')
[1.372s] INFO:colcon.colcon_core.shell:Creating environment hook '/home/vik/dexhand_ws/install/dexhand_gesture_controller/share/dexhand_gesture_controller/hook/ament_prefix_path.ps1'
[1.373s] INFO:colcon.colcon_core.shell:Creating environment descriptor '/home/vik/dexhand_ws/install/dexhand_gesture_controller/share/dexhand_gesture_controller/hook/ament_prefix_path.dsv'
[1.373s] INFO:colcon.colcon_core.shell:Creating environment hook '/home/vik/dexhand_ws/install/dexhand_gesture_controller/share/dexhand_gesture_controller/hook/ament_prefix_path.sh'
[1.374s] INFO:colcon.colcon_core.shell:Skip shell extension 'powershell' for command environment: Not usable outside of PowerShell
[1.374s] DEBUG:colcon.colcon_core.shell:Skip shell extension 'dsv' for command environment
[1.535s] INFO:colcon.colcon_core.task.python.build:Building Python package in '/home/vik/dexhand_ws/src/dexhand_gesture_controller'
[1.535s] INFO:colcon.colcon_core.shell:Skip shell extension 'powershell' for command environment: Not usable outside of PowerShell
[1.535s] DEBUG:colcon.colcon_core.shell:Skip shell extension 'dsv' for command environment
[1.866s] DEBUG:colcon.colcon_core.event_handler.log_command:Invoking command in '/home/vik/dexhand_ws/build/dexhand_gesture_controller': AMENT_PREFIX_PATH=/home/vik/dexhand_ws/install/dexhand_description:/home/vik/dexhand_ws/install/dexhand_usb_serial:/home/vik/dexhand_ws/install/dexhand_gesture_controller:/home/vik/dexhand_ws/install/dexhand_ai:/opt/ros/humble CONDA_PROMPT_MODIFIER=(dexhand_ros) PYTHONPATH=/home/vik/dexhand_ws/build/dexhand_gesture_controller/prefix_override:/usr/lib/python3/dist-packages/colcon_core/task/python/colcon_distutils_commands:/home/vik/dexhand_ws/install/dexhand_gesture_controller/lib/python3.10/site-packages:/home/vik/dexhand_ws/build/dexhand_description:/home/vik/dexhand_ws/install/dexhand_description/lib/python3.10/site-packages:/home/vik/dexhand_ws/build/dexhand_usb_serial:/home/vik/dexhand_ws/install/dexhand_usb_serial/lib/python3.10/site-packages:/home/vik/dexhand_ws/build/dexhand_gesture_controller:/home/vik/dexhand_ws/install/dexhand_gesture_controller/lib/python3.10/site-packages:/home/vik/dexhand_ws/build/dexhand_ai:/home/vik/dexhand_ws/install/dexhand_ai/lib/python3.10/site-packages:/opt/ros/humble/lib/python3.10/site-packages:/opt/ros/humble/local/lib/python3.10/dist-packages /usr/bin/python3 -W ignore:setup.py install is deprecated -W ignore:easy_install command is deprecated setup.py develop --editable --build-directory /home/vik/dexhand_ws/build/dexhand_gesture_controller/build --no-deps symlink_data
[2.204s] Level 1:colcon.colcon_core.shell:create_environment_hook('dexhand_gesture_controller', 'pythonpath_develop')
[2.205s] INFO:colcon.colcon_core.shell:Creating environment hook '/home/vik/dexhand_ws/build/dexhand_gesture_controller/share/dexhand_gesture_controller/hook/pythonpath_develop.ps1'
[2.205s] DEBUG:colcon.colcon_core.event_handler.log_command:Invoked command in '/home/vik/dexhand_ws/build/dexhand_gesture_controller' returned '0': AMENT_PREFIX_PATH=/home/vik/dexhand_ws/install/dexhand_description:/home/vik/dexhand_ws/install/dexhand_usb_serial:/home/vik/dexhand_ws/install/dexhand_gesture_controller:/home/vik/dexhand_ws/install/dexhand_ai:/opt/ros/humble CONDA_PROMPT_MODIFIER=(dexhand_ros) PYTHONPATH=/home/vik/dexhand_ws/build/dexhand_gesture_controller/prefix_override:/usr/lib/python3/dist-packages/colcon_core/task/python/colcon_distutils_commands:/home/vik/dexhand_ws/install/dexhand_gesture_controller/lib/python3.10/site-packages:/home/vik/dexhand_ws/build/dexhand_description:/home/vik/dexhand_ws/install/dexhand_description/lib/python3.10/site-packages:/home/vik/dexhand_ws/build/dexhand_usb_serial:/home/vik/dexhand_ws/install/dexhand_usb_serial/lib/python3.10/site-packages:/home/vik/dexhand_ws/build/dexhand_gesture_controller:/home/vik/dexhand_ws/install/dexhand_gesture_controller/lib/python3.10/site-packages:/home/vik/dexhand_ws/build/dexhand_ai:/home/vik/dexhand_ws/install/dexhand_ai/lib/python3.10/site-packages:/opt/ros/humble/lib/python3.10/site-packages:/opt/ros/humble/local/lib/python3.10/dist-packages /usr/bin/python3 -W ignore:setup.py install is deprecated -W ignore:easy_install command is deprecated setup.py develop --editable --build-directory /home/vik/dexhand_ws/build/dexhand_gesture_controller/build --no-deps symlink_data
[2.206s] INFO:colcon.colcon_core.shell:Creating environment descriptor '/home/vik/dexhand_ws/build/dexhand_gesture_controller/share/dexhand_gesture_controller/hook/pythonpath_develop.dsv'
[2.206s] INFO:colcon.colcon_core.shell:Creating environment hook '/home/vik/dexhand_ws/build/dexhand_gesture_controller/share/dexhand_gesture_controller/hook/pythonpath_develop.sh'
[2.206s] Level 1:colcon.colcon_core.environment:checking '/home/vik/dexhand_ws/install/dexhand_gesture_controller' for CMake module files
[2.206s] Level 1:colcon.colcon_core.environment:checking '/home/vik/dexhand_ws/install/dexhand_gesture_controller' for CMake config files
[2.207s] Level 1:colcon.colcon_core.environment:checking '/home/vik/dexhand_ws/install/dexhand_gesture_controller/lib'
[2.207s] Level 1:colcon.colcon_core.environment:checking '/home/vik/dexhand_ws/install/dexhand_gesture_controller/bin'
[2.207s] Level 1:colcon.colcon_core.environment:checking '/home/vik/dexhand_ws/install/dexhand_gesture_controller/lib/pkgconfig/dexhand_gesture_controller.pc'
[2.207s] Level 1:colcon.colcon_core.environment:checking '/home/vik/dexhand_ws/install/dexhand_gesture_controller/lib/python3.10/site-packages'
[2.207s] Level 1:colcon.colcon_core.shell:create_environment_hook('dexhand_gesture_controller', 'pythonpath')
[2.207s] INFO:colcon.colcon_core.shell:Creating environment hook '/home/vik/dexhand_ws/install/dexhand_gesture_controller/share/dexhand_gesture_controller/hook/pythonpath.ps1'
[2.207s] INFO:colcon.colcon_core.shell:Creating environment descriptor '/home/vik/dexhand_ws/install/dexhand_gesture_controller/share/dexhand_gesture_controller/hook/pythonpath.dsv'
[2.207s] INFO:colcon.colcon_core.shell:Creating environment hook '/home/vik/dexhand_ws/install/dexhand_gesture_controller/share/dexhand_gesture_controller/hook/pythonpath.sh'
[2.208s] Level 1:colcon.colcon_core.environment:checking '/home/vik/dexhand_ws/install/dexhand_gesture_controller/bin'
[2.208s] Level 1:colcon.colcon_core.environment:create_environment_scripts_only(dexhand_gesture_controller)
[2.208s] INFO:colcon.colcon_core.shell:Creating package script '/home/vik/dexhand_ws/install/dexhand_gesture_controller/share/dexhand_gesture_controller/package.ps1'
[2.208s] INFO:colcon.colcon_core.shell:Creating package descriptor '/home/vik/dexhand_ws/install/dexhand_gesture_controller/share/dexhand_gesture_controller/package.dsv'
[2.208s] INFO:colcon.colcon_core.shell:Creating package script '/home/vik/dexhand_ws/install/dexhand_gesture_controller/share/dexhand_gesture_controller/package.sh'
[2.209s] INFO:colcon.colcon_core.shell:Creating package script '/home/vik/dexhand_ws/install/dexhand_gesture_controller/share/dexhand_gesture_controller/package.bash'
[2.209s] INFO:colcon.colcon_core.shell:Creating package script '/home/vik/dexhand_ws/install/dexhand_gesture_controller/share/dexhand_gesture_controller/package.zsh'
[2.209s] Level 1:colcon.colcon_core.environment:create_file_with_runtime_dependencies(/home/vik/dexhand_ws/install/dexhand_gesture_controller/share/colcon-core/packages/dexhand_gesture_controller)
[2.209s] DEBUG:colcon.colcon_parallel_executor.executor.parallel:closing loop
[2.210s] DEBUG:colcon.colcon_parallel_executor.executor.parallel:loop closed
[2.210s] DEBUG:colcon.colcon_parallel_executor.executor.parallel:run_until_complete finished with '0'
[2.210s] DEBUG:colcon.colcon_core.event_reactor:joining thread
[2.275s] INFO:colcon.colcon_core.plugin_system:Skipping extension 'colcon_notification.desktop_notification.notify_send': Could not find 'notify-send'
[2.276s] INFO:colcon.colcon_core.plugin_system:Skipping extension 'colcon_notification.desktop_notification.terminal_notifier': Not used on non-Darwin systems
[2.276s] INFO:colcon.colcon_core.plugin_system:Skipping extension 'colcon_notification.desktop_notification.win32': Not used on non-Windows systems
[2.276s] INFO:colcon.colcon_notification.desktop_notification:Sending desktop notification using 'notify2'
[2.276s] DEBUG:colcon.colcon_notification.desktop_notification.notify2:Failed to initialize notify2: org.freedesktop.DBus.Error.FileNotFound: Failed to connect to socket /run/user/1000/bus: No such file or directory
[2.276s] DEBUG:colcon.colcon_core.event_reactor:joined thread
[2.276s] INFO:colcon.colcon_core.shell:Creating prefix script '/home/vik/dexhand_ws/install/local_setup.ps1'
[2.279s] INFO:colcon.colcon_core.shell:Creating prefix util module '/home/vik/dexhand_ws/install/_local_setup_util_ps1.py'
[2.280s] INFO:colcon.colcon_core.shell:Creating prefix chain script '/home/vik/dexhand_ws/install/setup.ps1'
[2.280s] INFO:colcon.colcon_core.shell:Creating prefix script '/home/vik/dexhand_ws/install/local_setup.sh'
[2.281s] INFO:colcon.colcon_core.shell:Creating prefix util module '/home/vik/dexhand_ws/install/_local_setup_util_sh.py'
[2.281s] INFO:colcon.colcon_core.shell:Creating prefix chain script '/home/vik/dexhand_ws/install/setup.sh'
[2.282s] INFO:colcon.colcon_core.shell:Creating prefix script '/home/vik/dexhand_ws/install/local_setup.bash'
[2.282s] INFO:colcon.colcon_core.shell:Creating prefix chain script '/home/vik/dexhand_ws/install/setup.bash'
[2.283s] INFO:colcon.colcon_core.shell:Creating prefix script '/home/vik/dexhand_ws/install/local_setup.zsh'
[2.283s] INFO:colcon.colcon_core.shell:Creating prefix chain script '/home/vik/dexhand_ws/install/setup.zsh'
